<?xml version="1.0" encoding="UTF-8"?>
<!-- Generated by org.testng.reporters.JUnitReportReporter -->
<testsuite hostname="SriniRepala" failures="0" tests="1" name="com.qa.tests.TC_002_LoginTest" time="5.078" errors="0" timestamp="2023-12-14T08:49:33 SAST" skipped="0">
  <testcase classname="com.qa.tests.TC_002_LoginTest" name="test_Login" time="5.078"/>
</testsuite> <!-- com.qa.tests.TC_002_LoginTest -->
