<?xml version="1.0" encoding="UTF-8"?>
<!-- Generated by org.testng.reporters.JUnitReportReporter -->
<testsuite hostname="SriniRepala" failures="0" tests="1" name="com.qa.tests.TC_002_LoginTest" time="4.761" errors="0" timestamp="2023-12-14T14:36:12 SAST" skipped="0">
  <testcase classname="com.qa.tests.TC_002_LoginTest" name="test_Login" time="4.761"/>
</testsuite> <!-- com.qa.tests.TC_002_LoginTest -->
